<?xml version="1.0" encoding="UTF-8"?>
<testsuite xmlns:xsi="http://www.w3.org/2001/XMLSchema-instance" xsi:noNamespaceSchemaLocation="https://maven.apache.org/surefire/maven-surefire-plugin/xsd/surefire-test-report-3.0.xsd" version="3.0" name="com.CPU.components.LogicGatesTests" time="0.004" tests="14" errors="0" skipped="0" failures="0">
  <properties>
    <property name="java.specification.version" value="17"/>
    <property name="sun.jnu.encoding" value="UTF-8"/>
    <property name="java.class.path" value="/home/stefano/Documenti/projects/java/CPU_Per_Universita/target/test-classes:/home/stefano/.m2/repository/junit/junit/4.13.2/junit-4.13.2.jar:/home/stefano/.m2/repository/org/hamcrest/hamcrest-core/1.3/hamcrest-core-1.3.jar:"/>
    <property name="java.vm.vendor" value="Oracle Corporation"/>
    <property name="sun.arch.data.model" value="64"/>
    <property name="java.vendor.url" value="https://java.oracle.com/"/>
    <property name="os.name" value="Linux"/>
    <property name="java.vm.specification.version" value="17"/>
    <property name="user.country" value="IT"/>
    <property name="sun.java.launcher" value="SUN_STANDARD"/>
    <property name="sun.boot.library.path" value="/usr/lib/jvm/java-17-oracle/lib"/>
    <property name="sun.java.command" value="org.apache.maven.surefire.booter.ForkedBooter /home/stefano/Documenti/projects/java/CPU_Per_Universita/target/surefire 2022-01-12T14-30-15_603-jvmRun1 surefire5356792635102883498tmp surefire_04548109127298667705tmp"/>
    <property name="jdk.debug" value="release"/>
    <property name="surefire.test.class.path" value="/home/stefano/Documenti/projects/java/CPU_Per_Universita/target/test-classes:/home/stefano/.m2/repository/junit/junit/4.13.2/junit-4.13.2.jar:/home/stefano/.m2/repository/org/hamcrest/hamcrest-core/1.3/hamcrest-core-1.3.jar:"/>
    <property name="sun.cpu.endian" value="little"/>
    <property name="user.home" value="/home/stefano"/>
    <property name="user.language" value="it"/>
    <property name="java.specification.vendor" value="Oracle Corporation"/>
    <property name="jdk.module.path" value="/home/stefano/Documenti/projects/java/CPU_Per_Universita/target/classes"/>
    <property name="java.version.date" value="2021-10-19"/>
    <property name="java.home" value="/usr/lib/jvm/java-17-oracle"/>
    <property name="file.separator" value="/"/>
    <property name="basedir" value="/home/stefano/Documenti/projects/java/CPU_Per_Universita"/>
    <property name="java.vm.compressedOopsMode" value="32-bit"/>
    <property name="line.separator" value="&#10;"/>
    <property name="java.specification.name" value="Java Platform API Specification"/>
    <property name="java.vm.specification.vendor" value="Oracle Corporation"/>
    <property name="surefire.real.class.path" value="/home/stefano/.m2/repository/org/apache/maven/surefire/surefire-booter/3.0.0-M5/surefire-booter-3.0.0-M5.jar:/home/stefano/.m2/repository/org/apache/maven/surefire/surefire-api/3.0.0-M5/surefire-api-3.0.0-M5.jar:/home/stefano/.m2/repository/org/apache/maven/surefire/surefire-logger-api/3.0.0-M5/surefire-logger-api-3.0.0-M5.jar:/home/stefano/.m2/repository/org/apache/maven/surefire/surefire-shared-utils/3.0.0-M4/surefire-shared-utils-3.0.0-M4.jar:/home/stefano/.m2/repository/org/apache/maven/surefire/surefire-extensions-spi/3.0.0-M5/surefire-extensions-spi-3.0.0-M5.jar:/home/stefano/Documenti/projects/java/CPU_Per_Universita/target/test-classes:/home/stefano/.m2/repository/junit/junit/4.13.2/junit-4.13.2.jar:/home/stefano/.m2/repository/org/hamcrest/hamcrest-core/1.3/hamcrest-core-1.3.jar:/home/stefano/.m2/repository/org/apache/maven/surefire/surefire-junit4/3.0.0-M5/surefire-junit4-3.0.0-M5.jar:/home/stefano/.m2/repository/org/apache/maven/surefire/common-java5/3.0.0-M5/common-java5-3.0.0-M5.jar:/home/stefano/.m2/repository/org/apache/maven/surefire/common-junit3/3.0.0-M5/common-junit3-3.0.0-M5.jar:/home/stefano/.m2/repository/org/apache/maven/surefire/common-junit4/3.0.0-M5/common-junit4-3.0.0-M5.jar"/>
    <property name="sun.management.compiler" value="HotSpot 64-Bit Tiered Compilers"/>
    <property name="java.runtime.version" value="17.0.1+12-LTS-39"/>
    <property name="user.name" value="stefano"/>
    <property name="path.separator" value=":"/>
    <property name="os.version" value="5.11.0-44-generic"/>
    <property name="java.runtime.name" value="Java(TM) SE Runtime Environment"/>
    <property name="file.encoding" value="UTF-8"/>
    <property name="java.vm.name" value="Java HotSpot(TM) 64-Bit Server VM"/>
    <property name="maven.ext.class.path" value="/snap/netbeans/52/netbeans/java/maven-nblib/netbeans-eventspy.jar"/>
    <property name="localRepository" value="/home/stefano/.m2/repository"/>
    <property name="java.vendor.url.bug" value="https://bugreport.java.com/bugreport/"/>
    <property name="java.io.tmpdir" value="/tmp"/>
    <property name="java.version" value="17.0.1"/>
    <property name="user.dir" value="/home/stefano/Documenti/projects/java/CPU_Per_Universita"/>
    <property name="os.arch" value="amd64"/>
    <property name="java.vm.specification.name" value="Java Virtual Machine Specification"/>
    <property name="native.encoding" value="UTF-8"/>
    <property name="java.library.path" value="/usr/java/packages/lib:/usr/lib64:/lib64:/lib:/usr/lib"/>
    <property name="java.vm.info" value="mixed mode"/>
    <property name="java.vendor" value="Oracle Corporation"/>
    <property name="java.vm.version" value="17.0.1+12-LTS-39"/>
    <property name="sun.io.unicode.encoding" value="UnicodeLittle"/>
    <property name="java.class.version" value="61.0"/>
  </properties>
  <testcase name="XNORgateShouldReturnOneWhenInputsAreTheSame" classname="com.CPU.components.LogicGatesTests" time="0"/>
  <testcase name="CNIMPLYgateShouldReturnOneOnlyWhenFirstInputIsZeroAndSecondInputIsOne" classname="com.CPU.components.LogicGatesTests" time="0"/>
  <testcase name="NIMPLYgateShouldReturnOneOnlyWhenFirstInputIsOneAndSecondInputIsZero" classname="com.CPU.components.LogicGatesTests" time="0"/>
  <testcase name="NANDgateShouldReturnZeroOnlyWhenBothInputsAreOne" classname="com.CPU.components.LogicGatesTests" time="0"/>
  <testcase name="XORgateShouldReturnZeroWhenInputsAreTheSame" classname="com.CPU.components.LogicGatesTests" time="0"/>
  <testcase name="ORgateShouldReturnZeroOnlyWhenBothInputsAreZero" classname="com.CPU.components.LogicGatesTests" time="0"/>
  <testcase name="NOTgateShouldInvertInput" classname="com.CPU.components.LogicGatesTests" time="0"/>
  <testcase name="CIMPLYgateShouldReturnZeroOnlyWhenFirstInputIsZeroAndSecondInputIsOne" classname="com.CPU.components.LogicGatesTests" time="0"/>
  <testcase name="IMPLYgateShouldReturnZeroOnlyWhenFirstInputIsOneAndSecondInputIsZero" classname="com.CPU.components.LogicGatesTests" time="0"/>
  <testcase name="ANDgateShouldReturnOneOnlyWhenBothInputsAreOne" classname="com.CPU.components.LogicGatesTests" time="0.002"/>
  <testcase name="TAUTOLOGYgateShouldAlwaysReturnOne" classname="com.CPU.components.LogicGatesTests" time="0"/>
  <testcase name="NORgateShouldReturnOneOnlyWhenBothInputsAreZero" classname="com.CPU.components.LogicGatesTests" time="0"/>
  <testcase name="BUFFERgateShouldNotChangeInput" classname="com.CPU.components.LogicGatesTests" time="0"/>
  <testcase name="CONTRADICTIONgateShouldAlwaysReturnZero" classname="com.CPU.components.LogicGatesTests" time="0"/>
</testsuite>